Using pre-set license
Built from 'HEAD' branch; Version is '2021.3.15f1c1 (080beb55ecda) revision 527339'; Using compiler version '192829333'; Build Type 'Release'
OS: 'Windows 10  (10.0.18363) 64bit Professional' Language: 'zh' Physical Memory: 16317 MB
BatchMode: 1, IsHumanControllingUs: 0, StartBugReporterOnCrash: 0, Is64bit: 1, IsPro: 1

COMMAND LINE ARGUMENTS:
E:\Unity\2021.3.15f1c1\Editor\Unity.exe
-adb2
-batchMode
-noUpm
-name
AssetImportWorker0
-projectPath
E:/UnityProject/ProjectSurvivor/ProjectSurvivor
-logFile
Logs/AssetImportWorker0.log
-srvPort
30056
Successfully changed project path to: E:/UnityProject/ProjectSurvivor/ProjectSurvivor
E:/UnityProject/ProjectSurvivor/ProjectSurvivor
[UnityMemory] Configuration Parameters - Can be set up in boot.config
    "memorysetup-bucket-allocator-granularity=16"
    "memorysetup-bucket-allocator-bucket-count=8"
    "memorysetup-bucket-allocator-block-size=33554432"
    "memorysetup-bucket-allocator-block-count=8"
    "memorysetup-main-allocator-block-size=16777216"
    "memorysetup-thread-allocator-block-size=16777216"
    "memorysetup-gfx-main-allocator-block-size=16777216"
    "memorysetup-gfx-thread-allocator-block-size=16777216"
    "memorysetup-cache-allocator-block-size=4194304"
    "memorysetup-typetree-allocator-block-size=2097152"
    "memorysetup-profiler-bucket-allocator-granularity=16"
    "memorysetup-profiler-bucket-allocator-bucket-count=8"
    "memorysetup-profiler-bucket-allocator-block-size=33554432"
    "memorysetup-profiler-bucket-allocator-block-count=8"
    "memorysetup-profiler-allocator-block-size=16777216"
    "memorysetup-profiler-editor-allocator-block-size=1048576"
    "memorysetup-temp-allocator-size-main=16777216"
    "memorysetup-job-temp-allocator-block-size=2097152"
    "memorysetup-job-temp-allocator-block-size-background=1048576"
    "memorysetup-job-temp-allocator-reduction-small-platforms=262144"
    "memorysetup-temp-allocator-size-background-worker=32768"
    "memorysetup-temp-allocator-size-job-worker=262144"
    "memorysetup-temp-allocator-size-preload-manager=33554432"
    "memorysetup-temp-allocator-size-nav-mesh-worker=65536"
    "memorysetup-temp-allocator-size-audio-worker=65536"
    "memorysetup-temp-allocator-size-cloud-worker=32768"
    "memorysetup-temp-allocator-size-gi-baking-worker=262144"
    "memorysetup-temp-allocator-size-gfx=262144"
Player connection [2564] Host "[IP] 192.168.1.104 [Port] 0 [Flags] 2 [Guid] 1463020201 [EditorId] 1463020201 [Version] 1048832 [Id] WindowsEditor(7,DESKTOP-L08QCDN) [Debug] 1 [PackageName] WindowsEditor [ProjectName] Editor" joined multi-casting on [225.0.0.222:54997]...

Player connection [2564] Host "[IP] 192.168.1.104 [Port] 0 [Flags] 2 [Guid] 1463020201 [EditorId] 1463020201 [Version] 1048832 [Id] WindowsEditor(7,DESKTOP-L08QCDN) [Debug] 1 [PackageName] WindowsEditor [ProjectName] Editor" joined alternative multi-casting on [225.0.0.222:34997]...

AS: AutoStreaming module initializing.
Refreshing native plugins compatible for Editor in 130.49 ms, found 4 plugins.
Preloading 0 native plugins for Editor in 0.00 ms.
Initialize engine version: 2021.3.15f1c1 (080beb55ecda)
[Subsystems] Discovering subsystems at path E:/Unity/2021.3.15f1c1/Editor/Data/Resources/UnitySubsystems
[Subsystems] Discovering subsystems at path E:/UnityProject/ProjectSurvivor/ProjectSurvivor/Assets
GfxDevice: creating device client; threaded=0; jobified=0
Direct3D:
    Version:  Direct3D 11.0 [level 11.1]
    Renderer: NVIDIA GeForce GTX 1050 Ti (ID=0x1c82)
    Vendor:   NVIDIA
    VRAM:     4018 MB
    Driver:   26.21.14.3200
Initialize mono
Mono path[0] = 'E:/Unity/2021.3.15f1c1/Editor/Data/Managed'
Mono path[1] = 'E:/Unity/2021.3.15f1c1/Editor/Data/MonoBleedingEdge/lib/mono/unityjit-win32'
Mono config path = 'E:/Unity/2021.3.15f1c1/Editor/Data/MonoBleedingEdge/etc'
Using monoOptions --debugger-agent=transport=dt_socket,embedding=1,server=y,suspend=n,address=127.0.0.1:56860
Begin MonoManager ReloadAssembly
Registering precompiled unity dll's ...
Register platform support module: E:/Unity/2021.3.15f1c1/Editor/Data/PlaybackEngines/WebGLSupport/UnityEditor.WebGL.Extensions.dll
Register platform support module: E:/Unity/2021.3.15f1c1/Editor/Data/PlaybackEngines/AndroidPlayer/UnityEditor.Android.Extensions.dll
Register platform support module: E:/Unity/2021.3.15f1c1/Editor/Data/PlaybackEngines/WindowsStandaloneSupport/UnityEditor.WindowsStandalone.Extensions.dll
Registered in 0.004941 seconds.
Native extension for WindowsStandalone target not found
Native extension for Android target not found
Native extension for WebGL target not found
Refreshing native plugins compatible for Editor in 130.73 ms, found 4 plugins.
Preloading 0 native plugins for Editor in 0.00 ms.
Mono: successfully reloaded assembly
- Completed reload, in  0.783 seconds
Domain Reload Profiling:
	ReloadAssembly (784ms)
		BeginReloadAssembly (86ms)
			ExecutionOrderSort (0ms)
			DisableScriptedObjects (0ms)
			BackupInstance (0ms)
			ReleaseScriptingObjects (0ms)
			CreateAndSetChildDomain (1ms)
		EndReloadAssembly (577ms)
			LoadAssemblies (83ms)
			RebuildTransferFunctionScriptingTraits (0ms)
			SetupTypeCache (119ms)
			ReleaseScriptCaches (0ms)
			RebuildScriptCaches (33ms)
			SetupLoadedEditorAssemblies (365ms)
				LogAssemblyErrors (0ms)
				InitializePlatformSupportModulesInManaged (60ms)
				SetLoadedEditorAssemblies (0ms)
				RefreshPlugins (131ms)
				BeforeProcessingInitializeOnLoad (1ms)
				ProcessInitializeOnLoadAttributes (108ms)
				ProcessInitializeOnLoadMethodAttributes (64ms)
				AfterProcessingInitializeOnLoad (0ms)
				EditorAssembliesLoaded (0ms)
			ExecutionOrderSort2 (0ms)
			AwakeInstancesAfterBackupRestoration (0ms)
Platform modules already initialized, skipping
Registering precompiled user dll's ...
Registered in 0.015380 seconds.
Begin MonoManager ReloadAssembly
Symbol file LoadedFromMemory doesn't match image E:\UnityProject\ProjectSurvivor\ProjectSurvivor\Library\PackageCache\com.unity.visualscripting@1.8.0\Editor\VisualScripting.Core\Dependencies\YamlDotNet\Unity.VisualScripting.YamlDotNet.dll
Symbol file LoadedFromMemory doesn't match image E:\UnityProject\ProjectSurvivor\ProjectSurvivor\Library\PackageCache\com.unity.visualscripting@1.8.0\Editor\VisualScripting.Core\Dependencies\DotNetZip\Unity.VisualScripting.IonicZip.dll
Native extension for WindowsStandalone target not found
Native extension for Android target not found
Native extension for WebGL target not found
Refreshing native plugins compatible for Editor in 132.75 ms, found 4 plugins.
Preloading 0 native plugins for Editor in 0.00 ms.
Mono: successfully reloaded assembly
- Completed reload, in  1.668 seconds
Domain Reload Profiling:
	ReloadAssembly (1669ms)
		BeginReloadAssembly (226ms)
			ExecutionOrderSort (0ms)
			DisableScriptedObjects (6ms)
			BackupInstance (0ms)
			ReleaseScriptingObjects (0ms)
			CreateAndSetChildDomain (123ms)
		EndReloadAssembly (1315ms)
			LoadAssemblies (110ms)
			RebuildTransferFunctionScriptingTraits (0ms)
			SetupTypeCache (321ms)
			ReleaseScriptCaches (1ms)
			RebuildScriptCaches (90ms)
			SetupLoadedEditorAssemblies (716ms)
				LogAssemblyErrors (0ms)
				InitializePlatformSupportModulesInManaged (17ms)
				SetLoadedEditorAssemblies (0ms)
				RefreshPlugins (133ms)
				BeforeProcessingInitializeOnLoad (134ms)
				ProcessInitializeOnLoadAttributes (308ms)
				ProcessInitializeOnLoadMethodAttributes (114ms)
				AfterProcessingInitializeOnLoad (10ms)
				EditorAssembliesLoaded (0ms)
			ExecutionOrderSort2 (0ms)
			AwakeInstancesAfterBackupRestoration (21ms)
Platform modules already initialized, skipping
========================================================================
Worker process is ready to serve import requests
Launched and connected shader compiler UnityShaderCompiler.exe after 0.08 seconds
Refreshing native plugins compatible for Editor in 0.96 ms, found 4 plugins.
Preloading 0 native plugins for Editor in 0.00 ms.
Unloading 6029 Unused Serialized files (Serialized files now loaded: 0)
Unloading 41 unused Assets / (0.7 MB). Loaded Objects now: 6484.
Memory consumption went from 233.4 MB to 232.7 MB.
Total: 4.484600 ms (FindLiveObjects: 0.546300 ms CreateObjectMapping: 0.587200 ms MarkObjects: 3.032200 ms  DeleteObjects: 0.317900 ms)

AssetImportParameters requested are different than current active one (requested -> active):
  custom:video-decoder-ogg-theora: a1e56fd34408186e4bbccfd4996cb3dc -> 
  custom:container-muxer-webm: aa71ff27fc2769a1b78a27578f13a17b -> 
  custom:container-demuxer-webm: 4f35f7cbe854078d1ac9338744f61a02 -> 
  custom:video-encoder-webm-vp8: eb34c28f22e8b96e1ab97ce403110664 -> 
  custom:audio-encoder-webm-vorbis: bf7c407c2cedff20999df2af8eb42d56 -> 
  custom:framework-win-MediaFoundation: 216162199b28c13a410421893ffa2e32 -> 
  custom:container-demuxer-ogg: 62fdf1f143b41e24485cea50d1cbac27 -> 
  custom:video-decoder-webm-vp8: 9c59270c3fd7afecdb556c50c9e8de78 -> 
  custom:audio-decoder-ogg-vorbis: bf7c407c2cedff20999df2af8eb42d56 -> 
========================================================================
Received Import Request.
  Time since last request: 346599.490817 seconds.
  path: Assets/UniversalRenderPipelineGlobalSettings.asset
  artifactKey: Guid(914e2731602816c4fac4450fa80f9a25) Importer(815301076,1909f56bfc062723c751e8b465ee728b)
Start importing Assets/UniversalRenderPipelineGlobalSettings.asset using Guid(914e2731602816c4fac4450fa80f9a25) Importer(815301076,1909f56bfc062723c751e8b465ee728b)  -> (artifact id: 'b13aee5012cc38ac025e250c0b170a0d') in 0.056341 seconds 
========================================================================
Received Import Request.
  Time since last request: 64.722250 seconds.
  path: Assets/Art.zip
  artifactKey: Guid(149a9ce6778cf604c92a8f46abf767aa) Importer(815301076,1909f56bfc062723c751e8b465ee728b)
Start importing Assets/Art.zip using Guid(149a9ce6778cf604c92a8f46abf767aa) Importer(815301076,1909f56bfc062723c751e8b465ee728b)  -> (artifact id: '42dfcb3edae4c2229f187d4edc903018') in 0.014051 seconds 
========================================================================
Received Import Request.
  Time since last request: 2.069100 seconds.
  path: Assets/Scenes.zip
  artifactKey: Guid(6c8cf66e535b2ad43b763a9c7a380e0c) Importer(815301076,1909f56bfc062723c751e8b465ee728b)
Start importing Assets/Scenes.zip using Guid(6c8cf66e535b2ad43b763a9c7a380e0c) Importer(815301076,1909f56bfc062723c751e8b465ee728b)  -> (artifact id: 'c1ea570b34a87d80eafee042bdc044f8') in 0.004985 seconds 
========================================================================
Received Import Request.
  Time since last request: 0.643864 seconds.
  path: Assets/Scripts.zip
  artifactKey: Guid(f4e4fa558b84f8742882bd6ea9ab8fa1) Importer(815301076,1909f56bfc062723c751e8b465ee728b)
Start importing Assets/Scripts.zip using Guid(f4e4fa558b84f8742882bd6ea9ab8fa1) Importer(815301076,1909f56bfc062723c751e8b465ee728b)  -> (artifact id: '92cac5a3c10193af139e3dbd6219391b') in 0.004635 seconds 
========================================================================
Received Import Request.
  Time since last request: 137.787465 seconds.
  path: Assets/Art
  artifactKey: Guid(583be82ca8f26da4ca47bfab67c703d6) Importer(815301076,1909f56bfc062723c751e8b465ee728b)
Start importing Assets/Art using Guid(583be82ca8f26da4ca47bfab67c703d6) Importer(815301076,1909f56bfc062723c751e8b465ee728b)  -> (artifact id: 'cf8b559f2a9a6d7ba2bacbd9211397d6') in 0.003276 seconds 
========================================================================
Received Import Request.
  Time since last request: 7.270144 seconds.
  path: Assets/Art/Sprites
  artifactKey: Guid(673c7204658cfce43990bedebad0e2fd) Importer(815301076,1909f56bfc062723c751e8b465ee728b)
Start importing Assets/Art/Sprites using Guid(673c7204658cfce43990bedebad0e2fd) Importer(815301076,1909f56bfc062723c751e8b465ee728b)  -> (artifact id: 'd4dac3bc513af2b2126409ebf310844d') in 0.003763 seconds 
========================================================================
Received Import Request.
  Time since last request: 7.334463 seconds.
  path: Assets/Art/Font
  artifactKey: Guid(35d19f1b6f2e823438a3ac914343ea12) Importer(815301076,1909f56bfc062723c751e8b465ee728b)
Start importing Assets/Art/Font using Guid(35d19f1b6f2e823438a3ac914343ea12) Importer(815301076,1909f56bfc062723c751e8b465ee728b)  -> (artifact id: 'a4d3c2faa999e9a368c882f89528ac5c') in 0.004300 seconds 
========================================================================
Received Import Request.
  Time since last request: 27.074956 seconds.
  path: Assets/Scenes/Game.unity
  artifactKey: Guid(8c9cfa26abfee488c85f1582747f6a02) Importer(815301076,1909f56bfc062723c751e8b465ee728b)
Start importing Assets/Scenes/Game.unity using Guid(8c9cfa26abfee488c85f1582747f6a02) Importer(815301076,1909f56bfc062723c751e8b465ee728b)  -> (artifact id: 'bbb51f97016deac1943e09f782739397') in 0.004848 seconds 
========================================================================
Received Import Request.
  Time since last request: 74.284677 seconds.
  path: Assets/Art/Sprites/027.tile.png
  artifactKey: Guid(b8862571106b2d646a2e1b0d985974da) Importer(815301076,1909f56bfc062723c751e8b465ee728b)
Start importing Assets/Art/Sprites/027.tile.png using Guid(b8862571106b2d646a2e1b0d985974da) Importer(815301076,1909f56bfc062723c751e8b465ee728b)  -> (artifact id: 'eaabf3f46417ac30b12861828921e2c5') in 0.095062 seconds 
========================================================================
Received Import Request.
  Time since last request: 11.824790 seconds.
  path: Assets/Art/Sprites/GroundTile.png
  artifactKey: Guid(b8862571106b2d646a2e1b0d985974da) Importer(815301076,1909f56bfc062723c751e8b465ee728b)
Start importing Assets/Art/Sprites/GroundTile.png using Guid(b8862571106b2d646a2e1b0d985974da) Importer(815301076,1909f56bfc062723c751e8b465ee728b)  -> (artifact id: '0085fb259c32bbea0ac7c4032a0690eb') in 0.017058 seconds 
========================================================================
Received Import Request.
  Time since last request: 20.812440 seconds.
  path: Assets/Art/Sprites/GroundTile.png
  artifactKey: Guid(b8862571106b2d646a2e1b0d985974da) Importer(815301076,1909f56bfc062723c751e8b465ee728b)
Start importing Assets/Art/Sprites/GroundTile.png using Guid(b8862571106b2d646a2e1b0d985974da) Importer(815301076,1909f56bfc062723c751e8b465ee728b)  -> (artifact id: '5abeb5121e8bb5a2110719b97bcd2ad5') in 0.026632 seconds 
========================================================================
Received Import Request.
  Time since last request: 54.751680 seconds.
  path: Assets/Art/TileMap
  artifactKey: Guid(a7a5b28c4b7145d4cb250525d029daf3) Importer(815301076,1909f56bfc062723c751e8b465ee728b)
Start importing Assets/Art/TileMap using Guid(a7a5b28c4b7145d4cb250525d029daf3) Importer(815301076,1909f56bfc062723c751e8b465ee728b)  -> (artifact id: 'b53e1e9923ff517e0618ec546cf030f0') in 0.004771 seconds 
========================================================================
Received Import Request.
  Time since last request: 10.448301 seconds.
  path: Assets/Art/TileMap/Palette
  artifactKey: Guid(235d71daeaf00b94caa9b87b590a4f42) Importer(815301076,1909f56bfc062723c751e8b465ee728b)
Start importing Assets/Art/TileMap/Palette using Guid(235d71daeaf00b94caa9b87b590a4f42) Importer(815301076,1909f56bfc062723c751e8b465ee728b)  -> (artifact id: '1a3fcd780ae9b4e036ed2762a2f9aa97') in 0.004560 seconds 
========================================================================
Received Import Request.
  Time since last request: 117.827426 seconds.
  path: ProjectSettings/TagManager.asset
  artifactKey: Guid(00000000000000003000000000000000) Importer(815301076,1909f56bfc062723c751e8b465ee728b)
Start importing ProjectSettings/TagManager.asset using Guid(00000000000000003000000000000000) Importer(815301076,1909f56bfc062723c751e8b465ee728b)  -> (artifact id: '8e1b4af19770452f5893ee79a9e64686') in 0.004910 seconds 
========================================================================
Received Import Request.
  Time since last request: 74.515199 seconds.
  path: Assets/Art/Font/027.fusion-pixel.ttf
  artifactKey: Guid(db0802a2424e5fd438c9e45a3affb227) Importer(815301076,1909f56bfc062723c751e8b465ee728b)
Start importing Assets/Art/Font/027.fusion-pixel.ttf using Guid(db0802a2424e5fd438c9e45a3affb227) Importer(815301076,1909f56bfc062723c751e8b465ee728b)  -> (artifact id: '2180543889b0a8d1e418885692af9dd6') in 0.212766 seconds 
========================================================================
Received Import Request.
  Time since last request: 4.962602 seconds.
  path: Assets/Art/Font/fusion-pixel.ttf
  artifactKey: Guid(db0802a2424e5fd438c9e45a3affb227) Importer(815301076,1909f56bfc062723c751e8b465ee728b)
Start importing Assets/Art/Font/fusion-pixel.ttf using Guid(db0802a2424e5fd438c9e45a3affb227) Importer(815301076,1909f56bfc062723c751e8b465ee728b)  -> (artifact id: '44e6a70853d28075576e111ee10b822e') in 0.025977 seconds 
========================================================================
Received Import Request.
  Time since last request: 6.908590 seconds.
  path: Assets/Scenes/TestUIPanels
  artifactKey: Guid(d8e9a420d8bf3554394e92b26856359e) Importer(815301076,1909f56bfc062723c751e8b465ee728b)
Start importing Assets/Scenes/TestUIPanels using Guid(d8e9a420d8bf3554394e92b26856359e) Importer(815301076,1909f56bfc062723c751e8b465ee728b)  -> (artifact id: '2680e715d54e2a754de3ffe858842326') in 0.004788 seconds 
========================================================================
Received Import Request.
  Time since last request: 0.819769 seconds.
  path: Assets/Scenes/TestUIPanels/TestUIGamePanel.unity
  artifactKey: Guid(334a2e6218ed83c4aa3e6c53b871a703) Importer(815301076,1909f56bfc062723c751e8b465ee728b)
Start importing Assets/Scenes/TestUIPanels/TestUIGamePanel.unity using Guid(334a2e6218ed83c4aa3e6c53b871a703) Importer(815301076,1909f56bfc062723c751e8b465ee728b)  -> (artifact id: 'e146cefa2fc22794264ba6e34c918e5b') in 0.005189 seconds 
========================================================================
Received Import Request.
  Time since last request: 21.781266 seconds.
  path: Assets/QFramework/Toolkits/_CoreKit/PackageKit/Markdown/Resources/Skin/SourceCodePro-Light.otf
  artifactKey: Guid(81e054eaea012b04c9d4e59572982fc2) Importer(815301076,1909f56bfc062723c751e8b465ee728b)
Start importing Assets/QFramework/Toolkits/_CoreKit/PackageKit/Markdown/Resources/Skin/SourceCodePro-Light.otf using Guid(81e054eaea012b04c9d4e59572982fc2) Importer(815301076,1909f56bfc062723c751e8b465ee728b)  -> (artifact id: 'c9e0a91605d5bc34f9c6c7faa5127001') in 0.033372 seconds 
========================================================================
Received Import Request.
  Time since last request: 0.000027 seconds.
  path: Assets/QFramework/Toolkits/_CoreKit/PackageKit/Markdown/Resources/Skin/SourceSansPro-Light.otf
  artifactKey: Guid(5003ac77beb0d6946b55b7f3fd558ad1) Importer(815301076,1909f56bfc062723c751e8b465ee728b)
Start importing Assets/QFramework/Toolkits/_CoreKit/PackageKit/Markdown/Resources/Skin/SourceSansPro-Light.otf using Guid(5003ac77beb0d6946b55b7f3fd558ad1) Importer(815301076,1909f56bfc062723c751e8b465ee728b)  -> (artifact id: '6cecc2d1c771bd674f14a71a566d4222') in 0.017543 seconds 
========================================================================
Received Import Request.
  Time since last request: 12.873603 seconds.
  path: Assets/Scenes/TestUIPanels/TestUIGameStartPanel.unity
  artifactKey: Guid(238ea4583887bdb45902f25417097c51) Importer(815301076,1909f56bfc062723c751e8b465ee728b)
Start importing Assets/Scenes/TestUIPanels/TestUIGameStartPanel.unity using Guid(238ea4583887bdb45902f25417097c51) Importer(815301076,1909f56bfc062723c751e8b465ee728b)  -> (artifact id: '7737aa010c853620c2dacd010d14cf36') in 0.004810 seconds 
========================================================================
Received Import Request.
  Time since last request: 65.684461 seconds.
  path: Assets/Scenes/Game.unity
  artifactKey: Guid(8c9cfa26abfee488c85f1582747f6a02) Importer(815301076,1909f56bfc062723c751e8b465ee728b)
Start importing Assets/Scenes/Game.unity using Guid(8c9cfa26abfee488c85f1582747f6a02) Importer(815301076,1909f56bfc062723c751e8b465ee728b)  -> (artifact id: '038d4d5583d05d0be364d1b7407b53b5') in 0.004212 seconds 
========================================================================
Received Prepare
Registering precompiled user dll's ...
Registered in 0.018317 seconds.
Begin MonoManager ReloadAssembly
Symbol file LoadedFromMemory doesn't match image E:\UnityProject\ProjectSurvivor\ProjectSurvivor\Library\PackageCache\com.unity.visualscripting@1.8.0\Editor\VisualScripting.Core\Dependencies\YamlDotNet\Unity.VisualScripting.YamlDotNet.dll
Symbol file LoadedFromMemory doesn't match image E:\UnityProject\ProjectSurvivor\ProjectSurvivor\Library\PackageCache\com.unity.visualscripting@1.8.0\Editor\VisualScripting.Core\Dependencies\DotNetZip\Unity.VisualScripting.IonicZip.dll
Native extension for WindowsStandalone target not found
Native extension for Android target not found
Native extension for WebGL target not found
Refreshing native plugins compatible for Editor in 1.10 ms, found 4 plugins.
Preloading 0 native plugins for Editor in 0.00 ms.
Mono: successfully reloaded assembly
- Completed reload, in  1.457 seconds
Domain Reload Profiling:
	ReloadAssembly (1458ms)
		BeginReloadAssembly (187ms)
			ExecutionOrderSort (0ms)
			DisableScriptedObjects (11ms)
			BackupInstance (0ms)
			ReleaseScriptingObjects (0ms)
			CreateAndSetChildDomain (56ms)
		EndReloadAssembly (1154ms)
			LoadAssemblies (129ms)
			RebuildTransferFunctionScriptingTraits (0ms)
			SetupTypeCache (325ms)
			ReleaseScriptCaches (2ms)
			RebuildScriptCaches (64ms)
			SetupLoadedEditorAssemblies (525ms)
				LogAssemblyErrors (0ms)
				InitializePlatformSupportModulesInManaged (25ms)
				SetLoadedEditorAssemblies (1ms)
				RefreshPlugins (1ms)
				BeforeProcessingInitializeOnLoad (102ms)
				ProcessInitializeOnLoadAttributes (276ms)
				ProcessInitializeOnLoadMethodAttributes (110ms)
				AfterProcessingInitializeOnLoad (11ms)
				EditorAssembliesLoaded (0ms)
			ExecutionOrderSort2 (0ms)
			AwakeInstancesAfterBackupRestoration (34ms)
Platform modules already initialized, skipping
Refreshing native plugins compatible for Editor in 4.08 ms, found 4 plugins.
Preloading 0 native plugins for Editor in 0.00 ms.
Unloading 5904 Unused Serialized files (Serialized files now loaded: 0)
Unloading 29 unused Assets / (0.7 MB). Loaded Objects now: 6579.
Memory consumption went from 231.6 MB to 230.9 MB.
Total: 4.260700 ms (FindLiveObjects: 0.485500 ms CreateObjectMapping: 0.421200 ms MarkObjects: 3.062100 ms  DeleteObjects: 0.290900 ms)

AssetImportParameters requested are different than current active one (requested -> active):
  custom:video-decoder-ogg-theora: a1e56fd34408186e4bbccfd4996cb3dc -> 
  custom:container-muxer-webm: aa71ff27fc2769a1b78a27578f13a17b -> 
  custom:container-demuxer-webm: 4f35f7cbe854078d1ac9338744f61a02 -> 
  custom:video-encoder-webm-vp8: eb34c28f22e8b96e1ab97ce403110664 -> 
  custom:audio-encoder-webm-vorbis: bf7c407c2cedff20999df2af8eb42d56 -> 
  custom:framework-win-MediaFoundation: 216162199b28c13a410421893ffa2e32 -> 
  custom:container-demuxer-ogg: 62fdf1f143b41e24485cea50d1cbac27 -> 
  custom:video-decoder-webm-vp8: 9c59270c3fd7afecdb556c50c9e8de78 -> 
  custom:audio-decoder-ogg-vorbis: bf7c407c2cedff20999df2af8eb42d56 -> 
========================================================================
Received Import Request.
  Time since last request: 23.582018 seconds.
  path: Assets/Scenes/TestUIPanels/TestUIGameOverPanel.unity
  artifactKey: Guid(47261912678bc35479e26896694fb858) Importer(815301076,1909f56bfc062723c751e8b465ee728b)
Start importing Assets/Scenes/TestUIPanels/TestUIGameOverPanel.unity using Guid(47261912678bc35479e26896694fb858) Importer(815301076,1909f56bfc062723c751e8b465ee728b)  -> (artifact id: '9d078dcc22ab3894413c76d4a9328b63') in 0.013334 seconds 
========================================================================
Received Import Request.
  Time since last request: 0.533477 seconds.
  path: Assets/Scenes/TestUIPanels/TestUIGamePanel.unity
  artifactKey: Guid(334a2e6218ed83c4aa3e6c53b871a703) Importer(815301076,1909f56bfc062723c751e8b465ee728b)
Start importing Assets/Scenes/TestUIPanels/TestUIGamePanel.unity using Guid(334a2e6218ed83c4aa3e6c53b871a703) Importer(815301076,1909f56bfc062723c751e8b465ee728b)  -> (artifact id: '16f43cb1629dfb5158c2007b56d297da') in 0.012863 seconds 
========================================================================
Received Import Request.
  Time since last request: 21.646309 seconds.
  path: Assets/Scenes/TestUIPanels/TestUIGameStartPanel.unity
  artifactKey: Guid(238ea4583887bdb45902f25417097c51) Importer(815301076,1909f56bfc062723c751e8b465ee728b)
Start importing Assets/Scenes/TestUIPanels/TestUIGameStartPanel.unity using Guid(238ea4583887bdb45902f25417097c51) Importer(815301076,1909f56bfc062723c751e8b465ee728b)  -> (artifact id: 'd2eb8fe30680e58b341a432768fb066e') in 0.003233 seconds 
========================================================================
Received Import Request.
  Time since last request: 5.415725 seconds.
  path: Assets/Scenes/GameStart.unity
  artifactKey: Guid(f260ec037035dba499a0e3f1f717030f) Importer(815301076,1909f56bfc062723c751e8b465ee728b)
Start importing Assets/Scenes/GameStart.unity using Guid(f260ec037035dba499a0e3f1f717030f) Importer(815301076,1909f56bfc062723c751e8b465ee728b)  -> (artifact id: 'd19168e5d31064966f9654ad3f04164a') in 0.004977 seconds 
========================================================================
Received Prepare
Registering precompiled user dll's ...
Registered in 0.015182 seconds.
Begin MonoManager ReloadAssembly
Symbol file LoadedFromMemory doesn't match image E:\UnityProject\ProjectSurvivor\ProjectSurvivor\Library\PackageCache\com.unity.visualscripting@1.8.0\Editor\VisualScripting.Core\Dependencies\YamlDotNet\Unity.VisualScripting.YamlDotNet.dll
Symbol file LoadedFromMemory doesn't match image E:\UnityProject\ProjectSurvivor\ProjectSurvivor\Library\PackageCache\com.unity.visualscripting@1.8.0\Editor\VisualScripting.Core\Dependencies\DotNetZip\Unity.VisualScripting.IonicZip.dll
Native extension for WindowsStandalone target not found
Native extension for Android target not found
Native extension for WebGL target not found
Refreshing native plugins compatible for Editor in 1.14 ms, found 4 plugins.
Preloading 0 native plugins for Editor in 0.00 ms.
Mono: successfully reloaded assembly
- Completed reload, in  1.443 seconds
Domain Reload Profiling:
	ReloadAssembly (1444ms)
		BeginReloadAssembly (167ms)
			ExecutionOrderSort (0ms)
			DisableScriptedObjects (8ms)
			BackupInstance (0ms)
			ReleaseScriptingObjects (0ms)
			CreateAndSetChildDomain (51ms)
		EndReloadAssembly (1160ms)
			LoadAssemblies (121ms)
			RebuildTransferFunctionScriptingTraits (0ms)
			SetupTypeCache (327ms)
			ReleaseScriptCaches (2ms)
			RebuildScriptCaches (63ms)
			SetupLoadedEditorAssemblies (526ms)
				LogAssemblyErrors (0ms)
				InitializePlatformSupportModulesInManaged (26ms)
				SetLoadedEditorAssemblies (1ms)
				RefreshPlugins (1ms)
				BeforeProcessingInitializeOnLoad (101ms)
				ProcessInitializeOnLoadAttributes (276ms)
				ProcessInitializeOnLoadMethodAttributes (111ms)
				AfterProcessingInitializeOnLoad (11ms)
				EditorAssembliesLoaded (0ms)
			ExecutionOrderSort2 (0ms)
			AwakeInstancesAfterBackupRestoration (34ms)
Platform modules already initialized, skipping
Refreshing native plugins compatible for Editor in 4.19 ms, found 4 plugins.
Preloading 0 native plugins for Editor in 0.00 ms.
Unloading 5905 Unused Serialized files (Serialized files now loaded: 0)
Unloading 28 unused Assets / (0.7 MB). Loaded Objects now: 6582.
Memory consumption went from 231.7 MB to 231.0 MB.
Total: 4.185600 ms (FindLiveObjects: 0.516300 ms CreateObjectMapping: 0.444400 ms MarkObjects: 2.817800 ms  DeleteObjects: 0.405800 ms)

AssetImportParameters requested are different than current active one (requested -> active):
  custom:video-decoder-ogg-theora: a1e56fd34408186e4bbccfd4996cb3dc -> 
  custom:container-muxer-webm: aa71ff27fc2769a1b78a27578f13a17b -> 
  custom:container-demuxer-webm: 4f35f7cbe854078d1ac9338744f61a02 -> 
  custom:video-encoder-webm-vp8: eb34c28f22e8b96e1ab97ce403110664 -> 
  custom:audio-encoder-webm-vorbis: bf7c407c2cedff20999df2af8eb42d56 -> 
  custom:framework-win-MediaFoundation: 216162199b28c13a410421893ffa2e32 -> 
  custom:container-demuxer-ogg: 62fdf1f143b41e24485cea50d1cbac27 -> 
  custom:video-decoder-webm-vp8: 9c59270c3fd7afecdb556c50c9e8de78 -> 
  custom:audio-decoder-ogg-vorbis: bf7c407c2cedff20999df2af8eb42d56 -> 
========================================================================
Received Prepare
Registering precompiled user dll's ...
Registered in 0.016821 seconds.
Begin MonoManager ReloadAssembly
Symbol file LoadedFromMemory doesn't match image E:\UnityProject\ProjectSurvivor\ProjectSurvivor\Library\PackageCache\com.unity.visualscripting@1.8.0\Editor\VisualScripting.Core\Dependencies\YamlDotNet\Unity.VisualScripting.YamlDotNet.dll
Symbol file LoadedFromMemory doesn't match image E:\UnityProject\ProjectSurvivor\ProjectSurvivor\Library\PackageCache\com.unity.visualscripting@1.8.0\Editor\VisualScripting.Core\Dependencies\DotNetZip\Unity.VisualScripting.IonicZip.dll
Native extension for WindowsStandalone target not found
Native extension for Android target not found
Native extension for WebGL target not found
Refreshing native plugins compatible for Editor in 1.00 ms, found 4 plugins.
Preloading 0 native plugins for Editor in 0.00 ms.
Mono: successfully reloaded assembly
- Completed reload, in  1.445 seconds
Domain Reload Profiling:
	ReloadAssembly (1446ms)
		BeginReloadAssembly (173ms)
			ExecutionOrderSort (0ms)
			DisableScriptedObjects (8ms)
			BackupInstance (0ms)
			ReleaseScriptingObjects (0ms)
			CreateAndSetChildDomain (52ms)
		EndReloadAssembly (1156ms)
			LoadAssemblies (128ms)
			RebuildTransferFunctionScriptingTraits (0ms)
			SetupTypeCache (320ms)
			ReleaseScriptCaches (2ms)
			RebuildScriptCaches (62ms)
			SetupLoadedEditorAssemblies (528ms)
				LogAssemblyErrors (0ms)
				InitializePlatformSupportModulesInManaged (27ms)
				SetLoadedEditorAssemblies (1ms)
				RefreshPlugins (1ms)
				BeforeProcessingInitializeOnLoad (103ms)
				ProcessInitializeOnLoadAttributes (275ms)
				ProcessInitializeOnLoadMethodAttributes (110ms)
				AfterProcessingInitializeOnLoad (11ms)
				EditorAssembliesLoaded (0ms)
			ExecutionOrderSort2 (0ms)
			AwakeInstancesAfterBackupRestoration (36ms)
Platform modules already initialized, skipping
Refreshing native plugins compatible for Editor in 3.88 ms, found 4 plugins.
Preloading 0 native plugins for Editor in 0.00 ms.
Unloading 5905 Unused Serialized files (Serialized files now loaded: 0)
Unloading 28 unused Assets / (0.7 MB). Loaded Objects now: 6585.
Memory consumption went from 231.7 MB to 231.0 MB.
Total: 4.478500 ms (FindLiveObjects: 0.494100 ms CreateObjectMapping: 0.599100 ms MarkObjects: 3.066300 ms  DeleteObjects: 0.317900 ms)

AssetImportParameters requested are different than current active one (requested -> active):
  custom:video-decoder-ogg-theora: a1e56fd34408186e4bbccfd4996cb3dc -> 
  custom:container-muxer-webm: aa71ff27fc2769a1b78a27578f13a17b -> 
  custom:container-demuxer-webm: 4f35f7cbe854078d1ac9338744f61a02 -> 
  custom:video-encoder-webm-vp8: eb34c28f22e8b96e1ab97ce403110664 -> 
  custom:audio-encoder-webm-vorbis: bf7c407c2cedff20999df2af8eb42d56 -> 
  custom:framework-win-MediaFoundation: 216162199b28c13a410421893ffa2e32 -> 
  custom:container-demuxer-ogg: 62fdf1f143b41e24485cea50d1cbac27 -> 
  custom:video-decoder-webm-vp8: 9c59270c3fd7afecdb556c50c9e8de78 -> 
  custom:audio-decoder-ogg-vorbis: bf7c407c2cedff20999df2af8eb42d56 -> 
========================================================================
Received Import Request.
  Time since last request: 333.529404 seconds.
  path: Assets/Art/Sprites/028.exp.png
  artifactKey: Guid(b91ee58c6d6f89e42b38a63215c06c00) Importer(815301076,1909f56bfc062723c751e8b465ee728b)
Start importing Assets/Art/Sprites/028.exp.png using Guid(b91ee58c6d6f89e42b38a63215c06c00) Importer(815301076,1909f56bfc062723c751e8b465ee728b)  -> (artifact id: 'b2de2cf74829f87fde10eaa4f410b29c') in 0.064579 seconds 
========================================================================
Received Import Request.
  Time since last request: 0.000025 seconds.
  path: Assets/Art/Sprites/030_character.png
  artifactKey: Guid(e2901e329b6814f4680ec4df2bb93e0a) Importer(815301076,1909f56bfc062723c751e8b465ee728b)
Start importing Assets/Art/Sprites/030_character.png using Guid(e2901e329b6814f4680ec4df2bb93e0a) Importer(815301076,1909f56bfc062723c751e8b465ee728b)  -> (artifact id: '414c15e1541a245a8f0933a361e41c49') in 0.014345 seconds 
========================================================================
Received Import Request.
  Time since last request: 19.090349 seconds.
  path: Assets/Art/Sprites/031_enemy.png
  artifactKey: Guid(023683b00b9989347a846d43b806cabf) Importer(815301076,1909f56bfc062723c751e8b465ee728b)
Start importing Assets/Art/Sprites/031_enemy.png using Guid(023683b00b9989347a846d43b806cabf) Importer(815301076,1909f56bfc062723c751e8b465ee728b)  -> (artifact id: '4bfbe62db20f29e86627764cb8bdd4a4') in 0.023422 seconds 
========================================================================
Received Import Request.
  Time since last request: 0.022779 seconds.
  path: Assets/Art/Sprites/028.exp.png
  artifactKey: Guid(b91ee58c6d6f89e42b38a63215c06c00) Importer(815301076,1909f56bfc062723c751e8b465ee728b)
Start importing Assets/Art/Sprites/028.exp.png using Guid(b91ee58c6d6f89e42b38a63215c06c00) Importer(815301076,1909f56bfc062723c751e8b465ee728b)  -> (artifact id: 'd74c0738797e365c9e97e4d04682f49e') in 0.017070 seconds 
========================================================================
Received Import Request.
  Time since last request: 0.000024 seconds.
  path: Assets/Art/Sprites/030_character.png
  artifactKey: Guid(e2901e329b6814f4680ec4df2bb93e0a) Importer(815301076,1909f56bfc062723c751e8b465ee728b)
Start importing Assets/Art/Sprites/030_character.png using Guid(e2901e329b6814f4680ec4df2bb93e0a) Importer(815301076,1909f56bfc062723c751e8b465ee728b)  -> (artifact id: 'c68e4620a1c007a95df734c53de53410') in 0.014040 seconds 
========================================================================
Received Import Request.
  Time since last request: 4.896704 seconds.
  path: Assets/Art/Sprites/exp.png
  artifactKey: Guid(b91ee58c6d6f89e42b38a63215c06c00) Importer(815301076,1909f56bfc062723c751e8b465ee728b)
Start importing Assets/Art/Sprites/exp.png using Guid(b91ee58c6d6f89e42b38a63215c06c00) Importer(815301076,1909f56bfc062723c751e8b465ee728b)  -> (artifact id: 'f967e5570fe9dcea7c81783b33e2650a') in 0.016094 seconds 
========================================================================
Received Import Request.
  Time since last request: 3.570981 seconds.
  path: Assets/Art/Sprites/coin.png
  artifactKey: Guid(668fb7e1141960a48a569146d8659b26) Importer(815301076,1909f56bfc062723c751e8b465ee728b)
Start importing Assets/Art/Sprites/coin.png using Guid(668fb7e1141960a48a569146d8659b26) Importer(815301076,1909f56bfc062723c751e8b465ee728b)  -> (artifact id: '370001a8e9c15a1d3241ad236ff74276') in 0.044949 seconds 
========================================================================
Received Import Request.
  Time since last request: 4.467099 seconds.
  path: Assets/Art/Sprites/character.png
  artifactKey: Guid(e2901e329b6814f4680ec4df2bb93e0a) Importer(815301076,1909f56bfc062723c751e8b465ee728b)
Start importing Assets/Art/Sprites/character.png using Guid(e2901e329b6814f4680ec4df2bb93e0a) Importer(815301076,1909f56bfc062723c751e8b465ee728b)  -> (artifact id: 'd4d4336d1bde86da2ed17c60f946e880') in 0.016230 seconds 
========================================================================
Received Import Request.
  Time since last request: 3.159809 seconds.
  path: Assets/Art/Sprites/enemy.png
  artifactKey: Guid(023683b00b9989347a846d43b806cabf) Importer(815301076,1909f56bfc062723c751e8b465ee728b)
Start importing Assets/Art/Sprites/enemy.png using Guid(023683b00b9989347a846d43b806cabf) Importer(815301076,1909f56bfc062723c751e8b465ee728b)  -> (artifact id: '3c63f4424b3d835ba49b05ecd79f1f2a') in 0.015049 seconds 
========================================================================
Received Import Request.
  Time since last request: 160.793569 seconds.
  path: Assets/Scripts/Global.cs
  artifactKey: Guid(1a33be96d23341245a0a0e04bcf496eb) Importer(815301076,1909f56bfc062723c751e8b465ee728b)
Start importing Assets/Scripts/Global.cs using Guid(1a33be96d23341245a0a0e04bcf496eb) Importer(815301076,1909f56bfc062723c751e8b465ee728b)  -> (artifact id: 'ce52218a67c0f6f15a33f459846242b9') in 0.009924 seconds 
========================================================================
Received Import Request.
  Time since last request: 77.444334 seconds.
  path: Assets/Scripts/Global.cs
  artifactKey: Guid(1a33be96d23341245a0a0e04bcf496eb) Importer(815301076,1909f56bfc062723c751e8b465ee728b)
Start importing Assets/Scripts/Global.cs using Guid(1a33be96d23341245a0a0e04bcf496eb) Importer(815301076,1909f56bfc062723c751e8b465ee728b)  -> (artifact id: 'bf556df7bb73b5b5bebc8f0b0937b9c3') in 0.004024 seconds 
========================================================================
Received Prepare
Registering precompiled user dll's ...
Registered in 0.017144 seconds.
Begin MonoManager ReloadAssembly
Symbol file LoadedFromMemory doesn't match image E:\UnityProject\ProjectSurvivor\ProjectSurvivor\Library\PackageCache\com.unity.visualscripting@1.8.0\Editor\VisualScripting.Core\Dependencies\YamlDotNet\Unity.VisualScripting.YamlDotNet.dll
Symbol file LoadedFromMemory doesn't match image E:\UnityProject\ProjectSurvivor\ProjectSurvivor\Library\PackageCache\com.unity.visualscripting@1.8.0\Editor\VisualScripting.Core\Dependencies\DotNetZip\Unity.VisualScripting.IonicZip.dll
Native extension for WindowsStandalone target not found
Native extension for Android target not found
Native extension for WebGL target not found
Refreshing native plugins compatible for Editor in 1.04 ms, found 4 plugins.
Preloading 0 native plugins for Editor in 0.00 ms.
Mono: successfully reloaded assembly
- Completed reload, in  1.347 seconds
Domain Reload Profiling:
	ReloadAssembly (1348ms)
		BeginReloadAssembly (155ms)
			ExecutionOrderSort (0ms)
			DisableScriptedObjects (7ms)
			BackupInstance (0ms)
			ReleaseScriptingObjects (0ms)
			CreateAndSetChildDomain (46ms)
		EndReloadAssembly (1080ms)
			LoadAssemblies (118ms)
			RebuildTransferFunctionScriptingTraits (0ms)
			SetupTypeCache (297ms)
			ReleaseScriptCaches (2ms)
			RebuildScriptCaches (58ms)
			SetupLoadedEditorAssemblies (494ms)
				LogAssemblyErrors (0ms)
				InitializePlatformSupportModulesInManaged (24ms)
				SetLoadedEditorAssemblies (1ms)
				RefreshPlugins (1ms)
				BeforeProcessingInitializeOnLoad (98ms)
				ProcessInitializeOnLoadAttributes (258ms)
				ProcessInitializeOnLoadMethodAttributes (102ms)
				AfterProcessingInitializeOnLoad (11ms)
				EditorAssembliesLoaded (0ms)
			ExecutionOrderSort2 (0ms)
			AwakeInstancesAfterBackupRestoration (33ms)
Platform modules already initialized, skipping
Refreshing native plugins compatible for Editor in 3.33 ms, found 4 plugins.
Preloading 0 native plugins for Editor in 0.00 ms.
Unloading 5905 Unused Serialized files (Serialized files now loaded: 0)
Unloading 28 unused Assets / (0.7 MB). Loaded Objects now: 6588.
Memory consumption went from 231.7 MB to 231.0 MB.
Total: 4.159900 ms (FindLiveObjects: 0.552100 ms CreateObjectMapping: 0.501400 ms MarkObjects: 2.792700 ms  DeleteObjects: 0.312700 ms)

AssetImportParameters requested are different than current active one (requested -> active):
  custom:video-decoder-ogg-theora: a1e56fd34408186e4bbccfd4996cb3dc -> 
  custom:container-muxer-webm: aa71ff27fc2769a1b78a27578f13a17b -> 
  custom:container-demuxer-webm: 4f35f7cbe854078d1ac9338744f61a02 -> 
  custom:video-encoder-webm-vp8: eb34c28f22e8b96e1ab97ce403110664 -> 
  custom:audio-encoder-webm-vorbis: bf7c407c2cedff20999df2af8eb42d56 -> 
  custom:framework-win-MediaFoundation: 216162199b28c13a410421893ffa2e32 -> 
  custom:container-demuxer-ogg: 62fdf1f143b41e24485cea50d1cbac27 -> 
  custom:video-decoder-webm-vp8: 9c59270c3fd7afecdb556c50c9e8de78 -> 
  custom:audio-decoder-ogg-vorbis: bf7c407c2cedff20999df2af8eb42d56 -> 
========================================================================
Received Import Request.
  Time since last request: 15.151822 seconds.
  path: Assets/Scenes/Game.unity
  artifactKey: Guid(8c9cfa26abfee488c85f1582747f6a02) Importer(815301076,1909f56bfc062723c751e8b465ee728b)
Start importing Assets/Scenes/Game.unity using Guid(8c9cfa26abfee488c85f1582747f6a02) Importer(815301076,1909f56bfc062723c751e8b465ee728b)  -> (artifact id: 'c4e137e0165f5431ce37b42de0edfc7e') in 0.010765 seconds 
========================================================================
Received Prepare
Registering precompiled user dll's ...
Registered in 0.014680 seconds.
Begin MonoManager ReloadAssembly
Symbol file LoadedFromMemory doesn't match image E:\UnityProject\ProjectSurvivor\ProjectSurvivor\Library\PackageCache\com.unity.visualscripting@1.8.0\Editor\VisualScripting.Core\Dependencies\YamlDotNet\Unity.VisualScripting.YamlDotNet.dll
Symbol file LoadedFromMemory doesn't match image E:\UnityProject\ProjectSurvivor\ProjectSurvivor\Library\PackageCache\com.unity.visualscripting@1.8.0\Editor\VisualScripting.Core\Dependencies\DotNetZip\Unity.VisualScripting.IonicZip.dll
Native extension for WindowsStandalone target not found
Native extension for Android target not found
Native extension for WebGL target not found
Refreshing native plugins compatible for Editor in 1.16 ms, found 4 plugins.
Preloading 0 native plugins for Editor in 0.00 ms.
Mono: successfully reloaded assembly
- Completed reload, in  1.446 seconds
Domain Reload Profiling:
	ReloadAssembly (1447ms)
		BeginReloadAssembly (168ms)
			ExecutionOrderSort (0ms)
			DisableScriptedObjects (8ms)
			BackupInstance (0ms)
			ReleaseScriptingObjects (0ms)
			CreateAndSetChildDomain (49ms)
		EndReloadAssembly (1161ms)
			LoadAssemblies (124ms)
			RebuildTransferFunctionScriptingTraits (0ms)
			SetupTypeCache (324ms)
			ReleaseScriptCaches (2ms)
			RebuildScriptCaches (62ms)
			SetupLoadedEditorAssemblies (531ms)
				LogAssemblyErrors (0ms)
				InitializePlatformSupportModulesInManaged (26ms)
				SetLoadedEditorAssemblies (1ms)
				RefreshPlugins (1ms)
				BeforeProcessingInitializeOnLoad (104ms)
				ProcessInitializeOnLoadAttributes (275ms)
				ProcessInitializeOnLoadMethodAttributes (111ms)
				AfterProcessingInitializeOnLoad (12ms)
				EditorAssembliesLoaded (0ms)
			ExecutionOrderSort2 (0ms)
			AwakeInstancesAfterBackupRestoration (36ms)
Platform modules already initialized, skipping
Refreshing native plugins compatible for Editor in 3.88 ms, found 4 plugins.
Preloading 0 native plugins for Editor in 0.00 ms.
Unloading 5905 Unused Serialized files (Serialized files now loaded: 0)
Unloading 28 unused Assets / (0.7 MB). Loaded Objects now: 6591.
Memory consumption went from 231.7 MB to 231.0 MB.
Total: 4.957500 ms (FindLiveObjects: 0.588100 ms CreateObjectMapping: 0.539400 ms MarkObjects: 3.309200 ms  DeleteObjects: 0.519600 ms)

AssetImportParameters requested are different than current active one (requested -> active):
  custom:video-decoder-ogg-theora: a1e56fd34408186e4bbccfd4996cb3dc -> 
  custom:container-muxer-webm: aa71ff27fc2769a1b78a27578f13a17b -> 
  custom:container-demuxer-webm: 4f35f7cbe854078d1ac9338744f61a02 -> 
  custom:video-encoder-webm-vp8: eb34c28f22e8b96e1ab97ce403110664 -> 
  custom:audio-encoder-webm-vorbis: bf7c407c2cedff20999df2af8eb42d56 -> 
  custom:framework-win-MediaFoundation: 216162199b28c13a410421893ffa2e32 -> 
  custom:container-demuxer-ogg: 62fdf1f143b41e24485cea50d1cbac27 -> 
  custom:video-decoder-webm-vp8: 9c59270c3fd7afecdb556c50c9e8de78 -> 
  custom:audio-decoder-ogg-vorbis: bf7c407c2cedff20999df2af8eb42d56 -> 
========================================================================
Received Import Request.
  Time since last request: 388.155379 seconds.
  path: Assets/Scenes/TestUIPanels/TestUIGameStartPanel.unity
  artifactKey: Guid(238ea4583887bdb45902f25417097c51) Importer(815301076,1909f56bfc062723c751e8b465ee728b)
Start importing Assets/Scenes/TestUIPanels/TestUIGameStartPanel.unity using Guid(238ea4583887bdb45902f25417097c51) Importer(815301076,1909f56bfc062723c751e8b465ee728b)  -> (artifact id: '4dad99f9a5e458ebe34a904bbe530c98') in 0.011810 seconds 
========================================================================
Received Import Request.
  Time since last request: 55.823842 seconds.
  path: Assets/Scenes/TestUIPanels/TestUIGamePassPanel.unity
  artifactKey: Guid(6c05ff64ec6df154c985619d6020d577) Importer(815301076,1909f56bfc062723c751e8b465ee728b)
Start importing Assets/Scenes/TestUIPanels/TestUIGamePassPanel.unity using Guid(6c05ff64ec6df154c985619d6020d577) Importer(815301076,1909f56bfc062723c751e8b465ee728b)  -> (artifact id: 'd2ac746e236069245fb049332ac9996f') in 0.004653 seconds 
========================================================================
Received Import Request.
  Time since last request: 108.035554 seconds.
  path: Assets/Scenes/Game.unity
  artifactKey: Guid(8c9cfa26abfee488c85f1582747f6a02) Importer(815301076,1909f56bfc062723c751e8b465ee728b)
Start importing Assets/Scenes/Game.unity using Guid(8c9cfa26abfee488c85f1582747f6a02) Importer(815301076,1909f56bfc062723c751e8b465ee728b)  -> (artifact id: 'a706abbf8c47f2bc7e47d18cbf164eae') in 0.004079 seconds 
========================================================================
Received Import Request.
  Time since last request: 551.305854 seconds.
  path: Assets/Art/Sound
  artifactKey: Guid(890ec933572e2f54cad9389fc0ac055c) Importer(815301076,1909f56bfc062723c751e8b465ee728b)
Start importing Assets/Art/Sound using Guid(890ec933572e2f54cad9389fc0ac055c) Importer(815301076,1909f56bfc062723c751e8b465ee728b)  -> (artifact id: 'e531387175f904c7c1ffc01726bae9f4') in 0.004373 seconds 
========================================================================
Received Import Request.
  Time since last request: 8.288611 seconds.
  path: Assets/Art/Sound/Music
  artifactKey: Guid(ccafb57c7b3bc6c4099243b6410f6369) Importer(815301076,1909f56bfc062723c751e8b465ee728b)
Start importing Assets/Art/Sound/Music using Guid(ccafb57c7b3bc6c4099243b6410f6369) Importer(815301076,1909f56bfc062723c751e8b465ee728b)  -> (artifact id: 'f7682ceb0a7fe56437a5e2573394542f') in 0.004361 seconds 
========================================================================
Received Import Request.
  Time since last request: 18.649327 seconds.
  path: Assets/Art/Sound/Music/031_arpent.mp3
  artifactKey: Guid(914546ac0651d4447967762271566b6f) Importer(815301076,1909f56bfc062723c751e8b465ee728b)
Start importing Assets/Art/Sound/Music/031_arpent.mp3 using Guid(914546ac0651d4447967762271566b6f) Importer(815301076,1909f56bfc062723c751e8b465ee728b)  -> (artifact id: '6a75d07659d55cb37c46224f9a56e0ab') in 0.072689 seconds 
========================================================================
Received Import Request.
  Time since last request: 12.713796 seconds.
  path: Assets/Art/Sound/Music/GameBg.mp3
  artifactKey: Guid(914546ac0651d4447967762271566b6f) Importer(815301076,1909f56bfc062723c751e8b465ee728b)
Start importing Assets/Art/Sound/Music/GameBg.mp3 using Guid(914546ac0651d4447967762271566b6f) Importer(815301076,1909f56bfc062723c751e8b465ee728b)  -> (artifact id: '28d1a4d7cdcf2518be19c0a249d93973') in 0.015449 seconds 
========================================================================
Received Prepare
Registering precompiled user dll's ...
Registered in 0.015258 seconds.
Begin MonoManager ReloadAssembly
Symbol file LoadedFromMemory doesn't match image E:\UnityProject\ProjectSurvivor\ProjectSurvivor\Library\PackageCache\com.unity.visualscripting@1.8.0\Editor\VisualScripting.Core\Dependencies\YamlDotNet\Unity.VisualScripting.YamlDotNet.dll
Symbol file LoadedFromMemory doesn't match image E:\UnityProject\ProjectSurvivor\ProjectSurvivor\Library\PackageCache\com.unity.visualscripting@1.8.0\Editor\VisualScripting.Core\Dependencies\DotNetZip\Unity.VisualScripting.IonicZip.dll
Native extension for WindowsStandalone target not found
Native extension for Android target not found
Native extension for WebGL target not found
Refreshing native plugins compatible for Editor in 1.01 ms, found 4 plugins.
Preloading 0 native plugins for Editor in 0.00 ms.
Mono: successfully reloaded assembly
- Completed reload, in  1.457 seconds
Domain Reload Profiling:
	ReloadAssembly (1458ms)
		BeginReloadAssembly (171ms)
			ExecutionOrderSort (0ms)
			DisableScriptedObjects (9ms)
			BackupInstance (0ms)
			ReleaseScriptingObjects (0ms)
			CreateAndSetChildDomain (51ms)
		EndReloadAssembly (1167ms)
			LoadAssemblies (126ms)
			RebuildTransferFunctionScriptingTraits (0ms)
			SetupTypeCache (322ms)
			ReleaseScriptCaches (2ms)
			RebuildScriptCaches (65ms)
			SetupLoadedEditorAssemblies (530ms)
				LogAssemblyErrors (0ms)
				InitializePlatformSupportModulesInManaged (25ms)
				SetLoadedEditorAssemblies (1ms)
				RefreshPlugins (1ms)
				BeforeProcessingInitializeOnLoad (105ms)
				ProcessInitializeOnLoadAttributes (277ms)
				ProcessInitializeOnLoadMethodAttributes (110ms)
				AfterProcessingInitializeOnLoad (12ms)
				EditorAssembliesLoaded (0ms)
			ExecutionOrderSort2 (0ms)
			AwakeInstancesAfterBackupRestoration (35ms)
Platform modules already initialized, skipping
Refreshing native plugins compatible for Editor in 3.28 ms, found 4 plugins.
Preloading 0 native plugins for Editor in 0.00 ms.
Unloading 5905 Unused Serialized files (Serialized files now loaded: 0)
Unloading 28 unused Assets / (0.7 MB). Loaded Objects now: 6596.
Memory consumption went from 231.8 MB to 231.1 MB.
Total: 4.162900 ms (FindLiveObjects: 0.493000 ms CreateObjectMapping: 0.444900 ms MarkObjects: 2.853500 ms  DeleteObjects: 0.370000 ms)

AssetImportParameters requested are different than current active one (requested -> active):
  custom:video-decoder-ogg-theora: a1e56fd34408186e4bbccfd4996cb3dc -> 
  custom:container-muxer-webm: aa71ff27fc2769a1b78a27578f13a17b -> 
  custom:container-demuxer-webm: 4f35f7cbe854078d1ac9338744f61a02 -> 
  custom:video-encoder-webm-vp8: eb34c28f22e8b96e1ab97ce403110664 -> 
  custom:audio-encoder-webm-vorbis: bf7c407c2cedff20999df2af8eb42d56 -> 
  custom:framework-win-MediaFoundation: 216162199b28c13a410421893ffa2e32 -> 
  custom:container-demuxer-ogg: 62fdf1f143b41e24485cea50d1cbac27 -> 
  custom:video-decoder-webm-vp8: 9c59270c3fd7afecdb556c50c9e8de78 -> 
  custom:audio-decoder-ogg-vorbis: bf7c407c2cedff20999df2af8eb42d56 -> 
========================================================================
Received Import Request.
  Time since last request: 114.219888 seconds.
  path: Assets/Art/UIPrefab/UIGameOverPanel.prefab
  artifactKey: Guid(87f114968fe5c354b9f25c9584fdabbf) Importer(815301076,1909f56bfc062723c751e8b465ee728b)
Start importing Assets/Art/UIPrefab/UIGameOverPanel.prefab using Guid(87f114968fe5c354b9f25c9584fdabbf) Importer(815301076,1909f56bfc062723c751e8b465ee728b)  -> (artifact id: '3c0a0b98710a31db8bf873068e0065e7') in 0.052244 seconds 
========================================================================
Received Import Request.
  Time since last request: 0.000033 seconds.
  path: Assets/Art/UIPrefab/UIGamePassPanel.prefab
  artifactKey: Guid(6d490e2518d427c478b2475e68779c48) Importer(815301076,1909f56bfc062723c751e8b465ee728b)
Start importing Assets/Art/UIPrefab/UIGamePassPanel.prefab using Guid(6d490e2518d427c478b2475e68779c48) Importer(815301076,1909f56bfc062723c751e8b465ee728b)  -> (artifact id: 'cd02d3d8926a9f60def76660eb16bb0f') in 0.033837 seconds 
========================================================================
Received Import Request.
  Time since last request: 14.107554 seconds.
  path: Assets/Art/UIPrefab/UIGamePanel.prefab
  artifactKey: Guid(5f83032cc292c0548a3b1e196ebd5f88) Importer(815301076,1909f56bfc062723c751e8b465ee728b)
Start importing Assets/Art/UIPrefab/UIGamePanel.prefab using Guid(5f83032cc292c0548a3b1e196ebd5f88) Importer(815301076,1909f56bfc062723c751e8b465ee728b)  -> (artifact id: 'ee337e2b304bb85a063d9812ab46e388') in 0.011182 seconds 
========================================================================
Received Import Request.
  Time since last request: 8.508503 seconds.
  path: Assets/Art/UIPrefab/UIGamePanel.prefab
  artifactKey: Guid(5f83032cc292c0548a3b1e196ebd5f88) Importer(815301076,1909f56bfc062723c751e8b465ee728b)
Start importing Assets/Art/UIPrefab/UIGamePanel.prefab using Guid(5f83032cc292c0548a3b1e196ebd5f88) Importer(815301076,1909f56bfc062723c751e8b465ee728b)  -> (artifact id: '298c23444f057c258e7cb0b6fe6db798') in 0.010320 seconds 
========================================================================
Received Import Request.
  Time since last request: 16.073911 seconds.
  path: Assets/Art/UIPrefab/UIGamePanel.prefab
  artifactKey: Guid(5f83032cc292c0548a3b1e196ebd5f88) Importer(815301076,1909f56bfc062723c751e8b465ee728b)
Start importing Assets/Art/UIPrefab/UIGamePanel.prefab using Guid(5f83032cc292c0548a3b1e196ebd5f88) Importer(815301076,1909f56bfc062723c751e8b465ee728b)  -> (artifact id: 'e9875fc6188527a342a2808c2124ecb8') in 0.010510 seconds 
========================================================================
Received Import Request.
  Time since last request: 3.425966 seconds.
  path: Assets/Art/UIPrefab/UIGamePanel.prefab
  artifactKey: Guid(5f83032cc292c0548a3b1e196ebd5f88) Importer(815301076,1909f56bfc062723c751e8b465ee728b)
Start importing Assets/Art/UIPrefab/UIGamePanel.prefab using Guid(5f83032cc292c0548a3b1e196ebd5f88) Importer(815301076,1909f56bfc062723c751e8b465ee728b)  -> (artifact id: 'cb4caf55d37ffedd36bcf9ba53b970ee') in 0.010988 seconds 
========================================================================
Received Import Request.
  Time since last request: 34.565614 seconds.
  path: Assets/Art/UIPrefab/UIGameStartOnlyPanel.prefab
  artifactKey: Guid(0d49013e6feb02b408b6a2a5572a7186) Importer(815301076,1909f56bfc062723c751e8b465ee728b)
Start importing Assets/Art/UIPrefab/UIGameStartOnlyPanel.prefab using Guid(0d49013e6feb02b408b6a2a5572a7186) Importer(815301076,1909f56bfc062723c751e8b465ee728b)  -> (artifact id: '85679c50514009d7f2e9477380f82a46') in 0.012387 seconds 
========================================================================
Received Prepare
Registering precompiled user dll's ...
Registered in 0.018114 seconds.
Begin MonoManager ReloadAssembly
Symbol file LoadedFromMemory doesn't match image E:\UnityProject\ProjectSurvivor\ProjectSurvivor\Library\PackageCache\com.unity.visualscripting@1.8.0\Editor\VisualScripting.Core\Dependencies\YamlDotNet\Unity.VisualScripting.YamlDotNet.dll
Symbol file LoadedFromMemory doesn't match image E:\UnityProject\ProjectSurvivor\ProjectSurvivor\Library\PackageCache\com.unity.visualscripting@1.8.0\Editor\VisualScripting.Core\Dependencies\DotNetZip\Unity.VisualScripting.IonicZip.dll
Native extension for WindowsStandalone target not found
Native extension for Android target not found
Native extension for WebGL target not found
Refreshing native plugins compatible for Editor in 0.94 ms, found 4 plugins.
Preloading 0 native plugins for Editor in 0.00 ms.
Mono: successfully reloaded assembly
- Completed reload, in  1.459 seconds
Domain Reload Profiling:
	ReloadAssembly (1460ms)
		BeginReloadAssembly (168ms)
			ExecutionOrderSort (0ms)
			DisableScriptedObjects (9ms)
			BackupInstance (0ms)
			ReleaseScriptingObjects (0ms)
			CreateAndSetChildDomain (52ms)
		EndReloadAssembly (1174ms)
			LoadAssemblies (125ms)
			RebuildTransferFunctionScriptingTraits (0ms)
			SetupTypeCache (325ms)
			ReleaseScriptCaches (3ms)
			RebuildScriptCaches (64ms)
			SetupLoadedEditorAssemblies (537ms)
				LogAssemblyErrors (0ms)
				InitializePlatformSupportModulesInManaged (26ms)
				SetLoadedEditorAssemblies (1ms)
				RefreshPlugins (1ms)
				BeforeProcessingInitializeOnLoad (104ms)
				ProcessInitializeOnLoadAttributes (277ms)
				ProcessInitializeOnLoadMethodAttributes (116ms)
				AfterProcessingInitializeOnLoad (12ms)
				EditorAssembliesLoaded (0ms)
			ExecutionOrderSort2 (0ms)
			AwakeInstancesAfterBackupRestoration (35ms)
Platform modules already initialized, skipping
Refreshing native plugins compatible for Editor in 3.53 ms, found 4 plugins.
Preloading 0 native plugins for Editor in 0.00 ms.
Unloading 5905 Unused Serialized files (Serialized files now loaded: 0)
Unloading 30 unused Assets / (0.7 MB). Loaded Objects now: 6599.
Memory consumption went from 231.8 MB to 231.1 MB.
Total: 4.761100 ms (FindLiveObjects: 0.493600 ms CreateObjectMapping: 0.431000 ms MarkObjects: 3.500500 ms  DeleteObjects: 0.334200 ms)

AssetImportParameters requested are different than current active one (requested -> active):
  custom:video-decoder-ogg-theora: a1e56fd34408186e4bbccfd4996cb3dc -> 
  custom:container-muxer-webm: aa71ff27fc2769a1b78a27578f13a17b -> 
  custom:container-demuxer-webm: 4f35f7cbe854078d1ac9338744f61a02 -> 
  custom:video-encoder-webm-vp8: eb34c28f22e8b96e1ab97ce403110664 -> 
  custom:audio-encoder-webm-vorbis: bf7c407c2cedff20999df2af8eb42d56 -> 
  custom:framework-win-MediaFoundation: 216162199b28c13a410421893ffa2e32 -> 
  custom:container-demuxer-ogg: 62fdf1f143b41e24485cea50d1cbac27 -> 
  custom:video-decoder-webm-vp8: 9c59270c3fd7afecdb556c50c9e8de78 -> 
  custom:audio-decoder-ogg-vorbis: bf7c407c2cedff20999df2af8eb42d56 -> 
